<?xml version="1.0" encoding="UTF-8"?>
<testsuite name="PasswordCheckerTest" tests="7" skipped="0" failures="0" errors="0" timestamp="2020-03-13T10:54:17" hostname="umuzi-admin" time="0.028">
  <properties/>
  <testcase name="passwordExists()" classname="PasswordCheckerTest" time="0.014"/>
  <testcase name="passwordLength()" classname="PasswordCheckerTest" time="0.001"/>
  <testcase name="passwordLowercase()" classname="PasswordCheckerTest" time="0.001"/>
  <testcase name="passwordUppercase()" classname="PasswordCheckerTest" time="0.001"/>
  <testcase name="passwordDigit()" classname="PasswordCheckerTest" time="0.001"/>
  <testcase name="passwordIsOk()" classname="PasswordCheckerTest" time="0.002"/>
  <testcase name="passwordSpecialChar()" classname="PasswordCheckerTest" time="0.001"/>
  <system-out><![CDATA[]]></system-out>
  <system-err><![CDATA[]]></system-err>
</testsuite>
