<?xml version="1.0" encoding="UTF-8"?>
<testsuite name="PasswordCheckerTest" tests="1" skipped="0" failures="0" errors="0" timestamp="2020-03-06T12:22:53" hostname="umuzi-admin" time="0.013">
  <properties/>
  <testcase name="passwordCheck()" classname="PasswordCheckerTest" time="0.013"/>
  <system-out><![CDATA[]]></system-out>
  <system-err><![CDATA[]]></system-err>
</testsuite>
